2025-02-16 12:58:12,416 - instabot version: 0.117.0 (bot) - INFO - Instabot version: 0.117.0 Started
2025-02-16 12:58:12,416 - instabot version: 0.117.0 (bot) - DEBUG - Bot imported from /Library/Frameworks/Python.framework/Versions/3.10/lib/python3.10/site-packages/instabot/bot/bot.py
2025-02-16 12:58:12,416 - instabot version: 0.117.0 (api_login) - INFO - Not yet logged in starting: PRE-LOGIN FLOW!
2025-02-16 12:58:12,578 - instabot version: 0.117.0 (api) - DEBUG - POST to endpoint: accounts/get_prefill_candidates/ returned response: <Response [200]>
2025-02-16 12:58:12,774 - instabot version: 0.117.0 (api) - DEBUG - POST to endpoint: qe/sync/ returned response: <Response [200]>
2025-02-16 12:58:12,958 - instabot version: 0.117.0 (api) - DEBUG - POST to endpoint: launcher/sync/ returned response: <Response [200]>
2025-02-16 12:58:13,083 - instabot version: 0.117.0 (api) - DEBUG - POST to endpoint: accounts/contact_point_prefill/ returned response: <Response [200]>
2025-02-16 12:58:16,154 - instabot version: 0.117.0 (api) - DEBUG - POST to endpoint: accounts/login/ returned response: <Response [400]>
2025-02-16 12:58:16,154 - instabot version: 0.117.0 (api) - DEBUG - Responsecode indicates error; response content: b'{"message":"We can send you an email to help you get back into your account.","status":"fail","error_title":"Forgotten password for test_username","buttons":[{"title":"Send email","action":"send_one_click_login_email"},{"title":"Try Again","action":"dismiss"}],"is_cp_nonce_flow":false,"login_identifer_type":"username","login_user_input":"test_username","qe_device_id":"7342ff71-f4f7-4a4a-a64f-e7fb5fd7df65","login_attempt_count":1,"login_source":"unknown","error_code":1,"invalid_credentials":true,"exception_name":"UserInvalidCredentials","error_type":"bad_password"}'
2025-02-16 12:58:16,154 - instabot version: 0.117.0 (api) - ERROR - Request returns 400 error!
2025-02-16 12:58:16,155 - instabot version: 0.117.0 (api) - INFO - Instagram's error message: We can send you an email to help you get back into your account.
2025-02-16 12:58:16,155 - instabot version: 0.117.0 (api) - INFO - Error type: bad_password
2025-02-16 12:58:16,155 - instabot version: 0.117.0 (api) - ERROR - Failed to login go to instagram and change your password
2025-02-16 12:58:16,155 - instabot version: 0.117.0 (api) - INFO - Username or password is incorrect.
2025-02-16 12:59:36,648 - instabot version: 0.117.0 (bot) - INFO - Instabot version: 0.117.0 Started
2025-02-16 12:59:36,648 - instabot version: 0.117.0 (bot) - DEBUG - Bot imported from /Library/Frameworks/Python.framework/Versions/3.10/lib/python3.10/site-packages/instabot/bot/bot.py
2025-02-16 12:59:36,648 - instabot version: 0.117.0 (api_login) - INFO - Not yet logged in starting: PRE-LOGIN FLOW!
2025-02-16 12:59:36,780 - instabot version: 0.117.0 (api) - DEBUG - POST to endpoint: accounts/get_prefill_candidates/ returned response: <Response [200]>
2025-02-16 12:59:36,928 - instabot version: 0.117.0 (api) - DEBUG - POST to endpoint: qe/sync/ returned response: <Response [200]>
2025-02-16 12:59:37,069 - instabot version: 0.117.0 (api) - DEBUG - POST to endpoint: launcher/sync/ returned response: <Response [200]>
2025-02-16 12:59:37,222 - instabot version: 0.117.0 (api) - DEBUG - POST to endpoint: accounts/contact_point_prefill/ returned response: <Response [200]>
2025-02-16 12:59:38,995 - instabot version: 0.117.0 (api) - DEBUG - POST to endpoint: accounts/login/ returned response: <Response [400]>
2025-02-16 12:59:38,995 - instabot version: 0.117.0 (api) - DEBUG - Responsecode indicates error; response content: b'{"message":"We can send you an email to help you get back into your account.","status":"fail","error_title":"Forgotten password for test_username","buttons":[{"title":"Send email","action":"send_one_click_login_email"},{"title":"Try Again","action":"dismiss"}],"is_cp_nonce_flow":false,"login_identifer_type":"username","login_user_input":"test_username","qe_device_id":"e8dd2df9-375e-4684-9678-c2e4d38cdeb4","login_attempt_count":1,"login_source":"unknown","error_code":1,"invalid_credentials":true,"exception_name":"UserInvalidCredentials","error_type":"bad_password"}'
2025-02-16 12:59:38,995 - instabot version: 0.117.0 (api) - ERROR - Request returns 400 error!
2025-02-16 12:59:38,995 - instabot version: 0.117.0 (api) - INFO - Instagram's error message: We can send you an email to help you get back into your account.
2025-02-16 12:59:38,996 - instabot version: 0.117.0 (api) - INFO - Error type: bad_password
2025-02-16 12:59:38,996 - instabot version: 0.117.0 (api) - ERROR - Failed to login go to instagram and change your password
2025-02-16 12:59:38,996 - instabot version: 0.117.0 (api) - INFO - Username or password is incorrect.
